# JRE version: OpenJDK Runtime Environment (14.0.2+12) (build 14.0.2+12-46)
# Java VM: OpenJDK 64-Bit Server VM (14.0.2+12-46, mixed mode, sharing, tiered, compressed oops, g1 gc, linux-amd64)
Heap:
 garbage-first heap   total 303104K, used 88152K [0x000000060b000000, 0x0000000800000000)
  region size 2048K, 32 young (65536K), 6 survivors (12288K)
 Metaspace       used 57272K, capacity 59212K, committed 59392K, reserved 1099776K
  class space    used 7861K, capacity 8578K, committed 8704K, reserved 1048576K
GC Heap History (20 events):
Event: 0,712 GC heap before
{Heap before GC invocations=1 (full 0):
 garbage-first heap   total 518144K, used 34465K [0x000000060b000000, 0x0000000800000000)
  region size 2048K, 16 young (32768K), 2 survivors (4096K)
 Metaspace       used 6656K, capacity 6974K, committed 7168K, reserved 1056768K
  class space    used 807K, capacity 926K, committed 1024K, reserved 1048576K
}
Event: 0,715 GC heap after
{Heap after GC invocations=2 (full 0):
 garbage-first heap   total 518144K, used 8239K [0x000000060b000000, 0x0000000800000000)
  region size 2048K, 1 young (2048K), 1 survivors (2048K)
 Metaspace       used 6656K, capacity 6974K, committed 7168K, reserved 1056768K
  class space    used 807K, capacity 926K, committed 1024K, reserved 1048576K
}
Event: 2,205 GC heap before
{Heap before GC invocations=2 (full 0):
 garbage-first heap   total 518144K, used 247855K [0x000000060b000000, 0x0000000800000000)
  region size 2048K, 120 young (245760K), 1 survivors (2048K)
 Metaspace       used 20237K, capacity 21119K, committed 21248K, reserved 1067008K
  class space    used 2726K, capacity 3035K, committed 3072K, reserved 1048576K
}
Event: 2,211 GC heap after
{Heap after GC invocations=3 (full 0):
 garbage-first heap   total 518144K, used 14058K [0x000000060b000000, 0x0000000800000000)
  region size 2048K, 4 young (8192K), 4 survivors (8192K)
 Metaspace       used 20237K, capacity 21119K, committed 21248K, reserved 1067008K
  class space    used 2726K, capacity 3035K, committed 3072K, reserved 1048576K
}
Event: 2,534 GC heap before
{Heap before GC invocations=4 (full 0):
 garbage-first heap   total 69632K, used 46826K [0x000000060b000000, 0x0000000800000000)
  region size 2048K, 20 young (40960K), 4 survivors (8192K)
 Metaspace       used 22792K, capacity 23757K, committed 24064K, reserved 1069056K
  class space    used 3075K, capacity 3456K, committed 3584K, reserved 1048576K
}
Event: 2,540 GC heap after
{Heap after GC invocations=5 (full 0):
 garbage-first heap   total 69632K, used 15918K [0x000000060b000000, 0x0000000800000000)
  region size 2048K, 2 young (4096K), 2 survivors (4096K)
 Metaspace       used 22792K, capacity 23757K, committed 24064K, reserved 1069056K
  class space    used 3075K, capacity 3456K, committed 3584K, reserved 1048576K
}
Event: 2,706 GC heap before
{Heap before GC invocations=5 (full 0):
 garbage-first heap   total 69632K, used 46638K [0x000000060b000000, 0x0000000800000000)
  region size 2048K, 17 young (34816K), 2 survivors (4096K)
 Metaspace       used 24537K, capacity 25626K, committed 25856K, reserved 1071104K
  class space    used 3298K, capacity 3696K, committed 3840K, reserved 1048576K
}
Event: 2,710 GC heap after
{Heap after GC invocations=6 (full 0):
 garbage-first heap   total 292864K, used 17213K [0x000000060b000000, 0x0000000800000000)
  region size 2048K, 2 young (4096K), 2 survivors (4096K)
 Metaspace       used 24537K, capacity 25626K, committed 25856K, reserved 1071104K
  class space    used 3298K, capacity 3696K, committed 3840K, reserved 1048576K
}
Event: 3,478 GC heap before
{Heap before GC invocations=6 (full 0):
 garbage-first heap   total 292864K, used 170813K [0x000000060b000000, 0x0000000800000000)
  region size 2048K, 79 young (161792K), 2 survivors (4096K)
 Metaspace       used 34178K, capacity 35425K, committed 35584K, reserved 1079296K
  class space    used 4592K, capacity 5050K, committed 5120K, reserved 1048576K
}
Event: 3,484 GC heap after
{Heap after GC invocations=7 (full 0):
 garbage-first heap   total 292864K, used 20245K [0x000000060b000000, 0x0000000800000000)
  region size 2048K, 4 young (8192K), 4 survivors (8192K)
 Metaspace       used 34178K, capacity 35425K, committed 35584K, reserved 1079296K
  class space    used 4592K, capacity 5050K, committed 5120K, reserved 1048576K
}
Event: 3,936 GC heap before
{Heap before GC invocations=8 (full 0):
 garbage-first heap   total 90112K, used 65301K [0x000000060b000000, 0x0000000800000000)
  region size 2048K, 26 young (53248K), 4 survivors (8192K)
 Metaspace       used 39896K, capacity 41192K, committed 41600K, reserved 1085440K
  class space    used 5475K, capacity 5941K, committed 6016K, reserved 1048576K
}
Event: 3,943 GC heap after
{Heap after GC invocations=9 (full 0):
 garbage-first heap   total 90112K, used 22101K [0x000000060b000000, 0x0000000800000000)
  region size 2048K, 3 young (6144K), 3 survivors (6144K)
 Metaspace       used 39896K, capacity 41192K, committed 41600K, reserved 1085440K
  class space    used 5475K, capacity 5941K, committed 6016K, reserved 1048576K
}
Event: 4,459 GC heap before
{Heap before GC invocations=9 (full 0):
 garbage-first heap   total 90112K, used 67157K [0x000000060b000000, 0x0000000800000000)
  region size 2048K, 25 young (51200K), 3 survivors (6144K)
 Metaspace       used 43471K, capacity 44859K, committed 45184K, reserved 1087488K
  class space    used 5991K, capacity 6485K, committed 6528K, reserved 1048576K
}
Event: 4,465 GC heap after
{Heap after GC invocations=10 (full 0):
 garbage-first heap   total 90112K, used 24789K [0x000000060b000000, 0x0000000800000000)
  region size 2048K, 3 young (6144K), 3 survivors (6144K)
 Metaspace       used 43471K, capacity 44859K, committed 45184K, reserved 1087488K
  class space    used 5991K, capacity 6485K, committed 6528K, reserved 1048576K
}
Event: 4,841 GC heap before
{Heap before GC invocations=10 (full 0):
 garbage-first heap   total 90112K, used 65749K [0x000000060b000000, 0x0000000800000000)
  region size 2048K, 23 young (47104K), 3 survivors (6144K)
 Metaspace       used 46157K, capacity 47663K, committed 48000K, reserved 1089536K
  class space    used 6324K, capacity 6907K, committed 7040K, reserved 1048576K
}
Event: 4,848 GC heap after
{Heap after GC invocations=11 (full 0):
 garbage-first heap   total 90112K, used 27275K [0x000000060b000000, 0x0000000800000000)
  region size 2048K, 3 young (6144K), 3 survivors (6144K)
 Metaspace       used 46157K, capacity 47663K, committed 48000K, reserved 1089536K
  class space    used 6324K, capacity 6907K, committed 7040K, reserved 1048576K
}
Event: 5,111 GC heap before
{Heap before GC invocations=11 (full 0):
 garbage-first heap   total 90112K, used 66187K [0x000000060b000000, 0x0000000800000000)
  region size 2048K, 22 young (45056K), 3 survivors (6144K)
 Metaspace       used 47676K, capacity 49340K, committed 49408K, reserved 1091584K
  class space    used 6549K, capacity 7167K, committed 7168K, reserved 1048576K
}
Event: 5,117 GC heap after
{Heap after GC invocations=12 (full 0):
 garbage-first heap   total 303104K, used 29961K [0x000000060b000000, 0x0000000800000000)
  region size 2048K, 3 young (6144K), 3 survivors (6144K)
 Metaspace       used 47676K, capacity 49340K, committed 49408K, reserved 1091584K
  class space    used 6549K, capacity 7167K, committed 7168K, reserved 1048576K
}
Event: 51,956 GC heap before
{Heap before GC invocations=12 (full 0):
 garbage-first heap   total 303104K, used 204041K [0x000000060b000000, 0x0000000800000000)
  region size 2048K, 88 young (180224K), 3 survivors (6144K)
 Metaspace       used 55986K, capacity 57885K, committed 58112K, reserved 1099776K
  class space    used 7696K, capacity 8406K, committed 8448K, reserved 1048576K
}
Event: 51,969 GC heap after
{Heap after GC invocations=13 (full 0):
 garbage-first heap   total 303104K, used 36952K [0x000000060b000000, 0x0000000800000000)
  region size 2048K, 6 young (12288K), 6 survivors (12288K)
 Metaspace       used 55986K, capacity 57885K, committed 58112K, reserved 1099776K
  class space    used 7696K, capacity 8406K, committed 8448K, reserved 1048576K
}

